[06-Oct-2023 19:57:44 UTC] PHP Fatal error:  Uncaught Error: Call to undefined function instashare_google_font() in C:\Users\PC\Local Sites\instashare\app\public\wp-content\themes\instashare\functions.php:73
Stack trace:
#0 C:\Users\PC\Local Sites\instashare\app\public\wp-includes\class-wp-hook.php(310): instashare_setup('')
#1 C:\Users\PC\Local Sites\instashare\app\public\wp-includes\class-wp-hook.php(334): WP_Hook->apply_filters(NULL, Array)
#2 C:\Users\PC\Local Sites\instashare\app\public\wp-includes\plugin.php(517): WP_Hook->do_action(Array)
#3 C:\Users\PC\Local Sites\instashare\app\public\wp-settings.php(610): do_action('after_setup_the...')
#4 C:\Users\PC\Local Sites\instashare\app\public\wp-config.php(103): require_once('C:\\Users\\PC\\Loc...')
#5 C:\Users\PC\Local Sites\instashare\app\public\wp-load.php(50): require_once('C:\\Users\\PC\\Loc...')
#6 C:\Users\PC\Local Sites\instashare\app\public\wp-blog-header.php(13): require_once('C:\\Users\\PC\\Loc...')
#7 C:\Users\PC\Local Sites\instashare\app\public\index.php(17): require('C:\\Users\\PC\\Loc...')
#8 {main}
  thrown in C:\Users\PC\Local Sites\instashare\app\public\wp-content\themes\instashare\functions.php on line 73
[07-Oct-2023 01:54:13 UTC] PHP Warning:  An unexpected error occurred. Something may be wrong with WordPress.org or this server&#8217;s configuration. If you continue to have problems, please try the <a href="https://wordpress.org/support/forums/">support forums</a>. (WordPress could not establish a secure connection to WordPress.org. Please contact your server administrator.) in C:\Users\PC\Local Sites\instashare\app\public\wp-includes\update.php on line 449
[07-Oct-2023 01:54:19 UTC] PHP Warning:  An unexpected error occurred. Something may be wrong with WordPress.org or this server&#8217;s configuration. If you continue to have problems, please try the <a href="https://wordpress.org/support/forums/">support forums</a>. (WordPress could not establish a secure connection to WordPress.org. Please contact your server administrator.) in C:\Users\PC\Local Sites\instashare\app\public\wp-includes\update.php on line 730
[07-Oct-2023 01:55:36 UTC] PHP Warning:  Attempt to read property "labels" on null in C:\Users\PC\Local Sites\instashare\app\public\wp-content\themes\instashare\inc\breadcrumb\breadcrumb.php on line 90
[07-Oct-2023 01:55:36 UTC] PHP Warning:  Attempt to read property "singular_name" on null in C:\Users\PC\Local Sites\instashare\app\public\wp-content\themes\instashare\inc\breadcrumb\breadcrumb.php on line 90
[07-Oct-2023 02:02:19 UTC] PHP Warning:  Attempt to read property "labels" on null in C:\Users\PC\Local Sites\instashare\app\public\wp-content\themes\instashare\inc\breadcrumb\breadcrumb.php on line 90
[07-Oct-2023 02:02:19 UTC] PHP Warning:  Attempt to read property "singular_name" on null in C:\Users\PC\Local Sites\instashare\app\public\wp-content\themes\instashare\inc\breadcrumb\breadcrumb.php on line 90
[07-Oct-2023 02:02:36 UTC] PHP Warning:  Attempt to read property "labels" on null in C:\Users\PC\Local Sites\instashare\app\public\wp-content\themes\instashare\inc\breadcrumb\breadcrumb.php on line 90
[07-Oct-2023 02:02:36 UTC] PHP Warning:  Attempt to read property "singular_name" on null in C:\Users\PC\Local Sites\instashare\app\public\wp-content\themes\instashare\inc\breadcrumb\breadcrumb.php on line 90
[07-Oct-2023 02:23:30 UTC] PHP Warning:  An unexpected error occurred. Something may be wrong with WordPress.org or this server&#8217;s configuration. If you continue to have problems, please try the <a href="https://wordpress.org/support/forums/">support forums</a>. (WordPress could not establish a secure connection to WordPress.org. Please contact your server administrator.) in C:\Users\PC\Local Sites\instashare\app\public\wp-includes\update.php on line 449
[07-Oct-2023 02:23:35 UTC] PHP Warning:  An unexpected error occurred. Something may be wrong with WordPress.org or this server&#8217;s configuration. If you continue to have problems, please try the <a href="https://wordpress.org/support/forums/">support forums</a>. (WordPress could not establish a secure connection to WordPress.org. Please contact your server administrator.) in C:\Users\PC\Local Sites\instashare\app\public\wp-includes\update.php on line 730
[07-Oct-2023 02:31:55 UTC] PHP Warning:  An unexpected error occurred. Something may be wrong with WordPress.org or this server&#8217;s configuration. If you continue to have problems, please try the <a href="https://wordpress.org/support/forums/">support forums</a>. (WordPress could not establish a secure connection to WordPress.org. Please contact your server administrator.) in C:\Users\PC\Local Sites\instashare\app\public\wp-includes\update.php on line 449
[07-Oct-2023 02:31:58 UTC] PHP Warning:  An unexpected error occurred. Something may be wrong with WordPress.org or this server&#8217;s configuration. If you continue to have problems, please try the <a href="https://wordpress.org/support/forums/">support forums</a>. (WordPress could not establish a secure connection to WordPress.org. Please contact your server administrator.) in C:\Users\PC\Local Sites\instashare\app\public\wp-includes\update.php on line 730
[07-Oct-2023 02:38:11 UTC] PHP Warning:  An unexpected error occurred. Something may be wrong with WordPress.org or this server&#8217;s configuration. If you continue to have problems, please try the <a href="https://wordpress.org/support/forums/">support forums</a>. (WordPress could not establish a secure connection to WordPress.org. Please contact your server administrator.) in C:\Users\PC\Local Sites\instashare\app\public\wp-includes\update.php on line 211
[07-Oct-2023 02:38:17 UTC] PHP Warning:  An unexpected error occurred. Something may be wrong with WordPress.org or this server&#8217;s configuration. If you continue to have problems, please try the <a href="https://wordpress.org/support/forums/">support forums</a>. (WordPress could not establish a secure connection to WordPress.org. Please contact your server administrator.) in C:\Users\PC\Local Sites\instashare\app\public\wp-includes\update.php on line 730
[07-Oct-2023 03:34:05 UTC] PHP Warning:  file_get_contents(https://github.com/nephsoft-studio/nephSoft-Plugin.git): Failed to open stream: HTTP request failed! HTTP/1.1 404 Not Found
 in C:\Users\PC\Local Sites\instashare\app\public\wp-content\plugins\neph-soft\neph-soft.php on line 147
[07-Oct-2023 03:34:05 UTC] PHP Warning:  Attempt to read property "themes" on null in C:\Users\PC\Local Sites\instashare\app\public\wp-content\plugins\neph-soft\neph-soft.php on line 154
[07-Oct-2023 03:34:05 UTC] PHP Warning:  foreach() argument must be of type array|object, null given in C:\Users\PC\Local Sites\instashare\app\public\wp-content\plugins\neph-soft\neph-soft.php on line 162
[07-Oct-2023 14:44:13 UTC] PHP Warning:  Undefined array key "HTTP_HOST" in C:\Users\PC\Local Sites\instashare\app\public\wp-content\mu-plugins\disable-plugins.php on line 11
[07-Oct-2023 14:44:13 UTC] PHP Warning:  Undefined array key "HTTP_HOST" in C:\Users\PC\Local Sites\instashare\app\public\wp-content\mu-plugins\disable-plugins.php on line 11
[07-Oct-2023 14:44:13 UTC] PHP Warning:  Undefined array key "HTTP_HOST" in C:\Users\PC\Local Sites\instashare\app\public\wp-content\mu-plugins\disable-plugins.php on line 11
[07-Oct-2023 14:44:14 UTC] PHP Warning:  Undefined array key "HTTP_HOST" in C:\Users\PC\Local Sites\instashare\app\public\wp-content\mu-plugins\disable-plugins.php on line 11
[07-Oct-2023 14:44:15 UTC] PHP Warning:  Undefined array key "HTTP_HOST" in C:\Users\PC\Local Sites\instashare\app\public\wp-content\mu-plugins\disable-plugins.php on line 11
[07-Oct-2023 14:50:41 UTC] PHP Warning:  An unexpected error occurred. Something may be wrong with WordPress.org or this server&#8217;s configuration. If you continue to have problems, please try the <a href="https://wordpress.org/support/forums/">support forums</a>. (WordPress could not establish a secure connection to WordPress.org. Please contact your server administrator.) in C:\Users\PC\Local Sites\instashare\app\public\wp-includes\update.php on line 449
[07-Oct-2023 14:58:12 UTC] PHP Warning:  Undefined array key "HTTP_HOST" in C:\Users\PC\Local Sites\instashare\app\public\wp-content\mu-plugins\disable-plugins.php on line 11
[07-Oct-2023 14:58:12 UTC] PHP Warning:  Undefined array key "HTTP_HOST" in C:\Users\PC\Local Sites\instashare\app\public\wp-content\mu-plugins\disable-plugins.php on line 11
[07-Oct-2023 14:58:12 UTC] PHP Warning:  Undefined array key "HTTP_HOST" in C:\Users\PC\Local Sites\instashare\app\public\wp-content\mu-plugins\disable-plugins.php on line 11
[07-Oct-2023 14:58:12 UTC] PHP Warning:  Undefined array key "HTTP_HOST" in C:\Users\PC\Local Sites\instashare\app\public\wp-content\mu-plugins\disable-plugins.php on line 11
[07-Oct-2023 14:58:13 UTC] PHP Warning:  Undefined array key "HTTP_HOST" in C:\Users\PC\Local Sites\instashare\app\public\wp-content\mu-plugins\disable-plugins.php on line 11
[07-Oct-2023 20:39:40 UTC] PHP Warning:  Undefined array key "HTTP_HOST" in C:\Users\PC\Local Sites\instashare\app\public\wp-content\mu-plugins\disable-plugins.php on line 11
[07-Oct-2023 20:39:40 UTC] PHP Warning:  Undefined array key "HTTP_HOST" in C:\Users\PC\Local Sites\instashare\app\public\wp-content\mu-plugins\disable-plugins.php on line 11
[07-Oct-2023 20:39:40 UTC] PHP Warning:  Undefined array key "HTTP_HOST" in C:\Users\PC\Local Sites\instashare\app\public\wp-content\mu-plugins\disable-plugins.php on line 11
[07-Oct-2023 20:39:40 UTC] PHP Warning:  Undefined array key "HTTP_HOST" in C:\Users\PC\Local Sites\instashare\app\public\wp-content\mu-plugins\disable-plugins.php on line 11
[07-Oct-2023 20:39:41 UTC] PHP Warning:  Undefined array key "HTTP_HOST" in C:\Users\PC\Local Sites\instashare\app\public\wp-content\mu-plugins\disable-plugins.php on line 11
[07-Oct-2023 20:49:35 UTC] PHP Warning:  Undefined array key "HTTP_HOST" in C:\Users\PC\Local Sites\instashare\app\public\wp-content\mu-plugins\disable-plugins.php on line 11
[07-Oct-2023 20:49:35 UTC] PHP Warning:  Undefined array key "HTTP_HOST" in C:\Users\PC\Local Sites\instashare\app\public\wp-content\mu-plugins\disable-plugins.php on line 11
[07-Oct-2023 20:49:35 UTC] PHP Warning:  Undefined array key "HTTP_HOST" in C:\Users\PC\Local Sites\instashare\app\public\wp-content\mu-plugins\disable-plugins.php on line 11
[07-Oct-2023 20:49:36 UTC] PHP Warning:  Undefined array key "HTTP_HOST" in C:\Users\PC\Local Sites\instashare\app\public\wp-content\mu-plugins\disable-plugins.php on line 11
[07-Oct-2023 20:49:37 UTC] PHP Warning:  Undefined array key "HTTP_HOST" in C:\Users\PC\Local Sites\instashare\app\public\wp-content\mu-plugins\disable-plugins.php on line 11
[07-Oct-2023 20:50:44 UTC] PHP Warning:  Undefined array key "HTTP_HOST" in C:\Users\PC\Local Sites\instashare\app\public\wp-content\mu-plugins\disable-plugins.php on line 11
[07-Oct-2023 20:50:44 UTC] PHP Warning:  Undefined array key "HTTP_HOST" in C:\Users\PC\Local Sites\instashare\app\public\wp-content\mu-plugins\disable-plugins.php on line 11
[07-Oct-2023 20:50:44 UTC] PHP Warning:  Undefined array key "HTTP_HOST" in C:\Users\PC\Local Sites\instashare\app\public\wp-content\mu-plugins\disable-plugins.php on line 11
[07-Oct-2023 20:50:45 UTC] PHP Warning:  Undefined array key "HTTP_HOST" in C:\Users\PC\Local Sites\instashare\app\public\wp-content\mu-plugins\disable-plugins.php on line 11
[07-Oct-2023 20:50:46 UTC] PHP Warning:  Undefined array key "HTTP_HOST" in C:\Users\PC\Local Sites\instashare\app\public\wp-content\mu-plugins\disable-plugins.php on line 11
[07-Oct-2023 21:27:27 UTC] PHP Warning:  Undefined property: WP_Error::$name in C:\Users\PC\Local Sites\instashare\app\public\wp-content\themes\instashare\inc\customizer-notify\instashare-customizer-notify-section.php on line 214
[07-Oct-2023 21:37:04 UTC] PHP Warning:  Undefined property: WP_Error::$name in C:\Users\PC\Local Sites\instashare\app\public\wp-content\themes\instashare\inc\customizer-notify\instashare-customizer-notify-section.php on line 214
[07-Oct-2023 21:39:52 UTC] PHP Warning:  Undefined variable $instashare_customizer_notify_show_recommended_actions in C:\Users\PC\Local Sites\instashare\app\public\wp-content\themes\instashare\inc\customizer-notify\instashare-customizer-notify.php on line 209
[07-Oct-2023 21:46:36 UTC] PHP Warning:  Undefined property: WP_Error::$name in C:\Users\PC\Local Sites\instashare\app\public\wp-content\themes\instashare\inc\customizer-notify\instashare-customizer-notify-section.php on line 214
